<?xml version="1.0" encoding="UTF-8"?>
<!-- Generated by org.testng.reporters.JUnitReportReporter -->
<testsuite hostname="ip-172-31-45-180" failures="0" tests="4" name="com.stackroute.accountmanager.controller.UserControllerTest" time="3.736" errors="0" timestamp="2021-03-08T07:57:19 UTC" skipped="0">
  <testcase classname="com.stackroute.accountmanager.controller.UserControllerTest" name="test_registerUser" time="3.029"/>
  <system-out/>
  <testcase classname="com.stackroute.accountmanager.controller.UserControllerTest" name="test_registerSameUser" time="0.130"/>
  <system-out/>
  <testcase classname="com.stackroute.accountmanager.controller.UserControllerTest" name="test_loginUser" time="0.504"/>
  <system-out/>
  <testcase classname="com.stackroute.accountmanager.controller.UserControllerTest" name="test_loginInvalidUser" time="0.073"/>
  <system-out/>
</testsuite> <!-- com.stackroute.accountmanager.controller.UserControllerTest -->
